<?xml version="1.0" encoding="UTF-8"?>
<testng-results ignored="0" total="1" passed="1" failed="0" skipped="0">
  <reporter-output>
  </reporter-output>
  <suite started-at="2022-08-02T00:29:53 AST" name="Default suite" finished-at="2022-08-02T00:29:58 AST" duration-ms="5043">
    <groups>
    </groups>
    <test started-at="2022-08-02T00:29:53 AST" name="Default test" finished-at="2022-08-02T00:29:58 AST" duration-ms="5043">
      <class name="ass3W9D2.ChromeWebDriverAss3W9D2">
        <test-method is-config="true" signature="setUp()[pri:0, instance:ass3W9D2.ChromeWebDriverAss3W9D2@7880cdf3]" started-at="2022-08-02T00:29:53 AST" name="setUp" finished-at="2022-08-02T00:29:58 AST" duration-ms="4381" status="PASS">
          <reporter-output>
          </reporter-output>
        </test-method> <!-- setUp -->
        <test-method signature="LearnEnglishWebSite()[pri:0, instance:ass3W9D2.ChromeWebDriverAss3W9D2@7880cdf3]" started-at="2022-08-02T00:29:58 AST" name="LearnEnglishWebSite" finished-at="2022-08-02T00:29:58 AST" duration-ms="110" status="PASS">
          <reporter-output>
          </reporter-output>
        </test-method> <!-- LearnEnglishWebSite -->
        <test-method is-config="true" signature="terminateBrowser()[pri:0, instance:ass3W9D2.ChromeWebDriverAss3W9D2@7880cdf3]" started-at="2022-08-02T00:29:58 AST" name="terminateBrowser" finished-at="2022-08-02T00:29:58 AST" duration-ms="436" status="PASS">
          <reporter-output>
          </reporter-output>
        </test-method> <!-- terminateBrowser -->
      </class> <!-- ass3W9D2.ChromeWebDriverAss3W9D2 -->
    </test> <!-- Default test -->
  </suite> <!-- Default suite -->
</testng-results>
